2025/11/04 13:56:48 Inventory service listening on :8001
2025/11/04 13:57:06 GET /items
2025/11/04 13:57:06 GET /items
2025/11/04 13:57:10 GET /items
2025/11/04 13:57:10 GET /items
2025/11/04 13:57:11 GET /items
2025/11/04 13:57:11 GET /items
2025/11/04 13:58:13 GET /items
2025/11/04 13:59:13 GET /items
2025/11/04 13:59:13 GET /items
2025/11/04 13:59:14 GET /items
2025/11/04 13:59:14 GET /items
2025/11/04 13:59:15 GET /items
2025/11/04 13:59:15 GET /items
2025/11/04 13:59:20 GET /items/2
2025/11/04 13:59:20 POST /items/2/adjust
2025/11/04 13:59:27 GET /items/1
2025/11/04 13:59:27 POST /items/1/adjust
2025/11/04 13:59:58 GET /items
2025/11/04 14:00:43 GET /items
2025/11/04 14:00:43 GET /items
2025/11/04 14:00:44 GET /items
2025/11/04 14:00:44 GET /items
2025/11/04 14:00:48 GET /items
2025/11/04 14:00:48 GET /items
2025/11/04 14:00:48 GET /items
2025/11/04 14:00:48 GET /items
2025/11/04 14:00:49 GET /items
2025/11/04 14:00:49 GET /items
2025/11/04 14:00:50 GET /items
2025/11/04 14:00:50 GET /items
2025/11/04 14:00:54 GET /items/1
2025/11/04 14:00:54 POST /items/1/adjust
2025/11/04 14:01:12 GET /items
2025/11/04 14:01:14 GET /items
2025/11/04 14:01:14 GET /items
2025/11/04 14:01:14 GET /items
2025/11/04 14:01:14 GET /items
2025/11/04 14:01:15 GET /items
2025/11/04 14:01:15 GET /items
2025/11/04 14:01:16 GET /items
2025/11/04 14:01:16 GET /items
2025/11/04 14:01:21 GET /items/1
2025/11/04 14:01:21 POST /items/1/adjust
2025/11/04 14:01:21 GET /items/1
2025/11/04 14:01:21 POST /items/1/adjust
2025/11/04 14:02:16 GET /items
2025/11/04 14:02:16 GET /items
2025/11/04 14:02:19 GET /items
2025/11/04 14:02:19 GET /items
2025/11/04 14:02:21 GET /items
2025/11/04 14:02:21 GET /items
2025/11/04 14:02:22 GET /items
2025/11/04 14:02:22 GET /items
2025/11/04 14:02:22 GET /items
2025/11/04 14:02:22 GET /items
2025/11/04 14:02:23 GET /items
2025/11/04 14:02:23 GET /items
2025/11/04 14:02:23 GET /items
2025/11/04 14:02:23 GET /items
2025/11/04 14:02:24 GET /items
2025/11/04 14:02:24 GET /items
2025/11/04 14:02:24 GET /items
2025/11/04 14:02:24 GET /items
2025/11/04 14:02:25 GET /items
2025/11/04 14:02:25 GET /items
2025/11/04 14:02:25 GET /items
2025/11/04 14:02:25 GET /items
2025/11/04 14:02:31 GET /items
2025/11/04 14:02:31 GET /items
2025/11/04 14:03:07 GET /items
2025/11/04 14:03:07 GET /items
2025/11/04 14:03:08 GET /items
2025/11/04 14:03:08 GET /items
2025/11/04 14:03:58 GET /items
2025/11/04 14:03:58 GET /items
2025/11/04 14:03:59 GET /items
2025/11/04 14:03:59 GET /items
2025/11/04 14:04:26 GET /items
2025/11/04 14:04:26 GET /items
2025/11/04 14:04:27 GET /items
2025/11/04 14:04:27 GET /items
2025/11/04 14:05:15 GET /items
2025/11/04 14:05:15 GET /items
2025/11/04 14:05:16 GET /items
2025/11/04 14:05:16 GET /items
2025/11/04 14:05:16 GET /items
2025/11/04 14:05:16 GET /items
2025/11/04 14:05:17 GET /items
2025/11/04 14:05:17 GET /items
2025/11/04 14:05:37 GET /items
2025/11/04 14:05:37 GET /items
2025/11/04 14:05:38 GET /items
2025/11/04 14:05:38 GET /items
2025/11/04 14:06:37 GET /items
2025/11/04 14:06:37 GET /items
2025/11/04 14:06:39 GET /items
2025/11/04 14:06:39 GET /items
exit status 1
