2025/11/04 13:56:47 Orders service listening on :8002 (inventory: http://localhost:8001)
2025/11/04 13:57:10 GET /orders
2025/11/04 13:57:10 GET /orders
2025/11/04 13:59:13 GET /orders
2025/11/04 13:59:13 GET /orders
2025/11/04 13:59:15 GET /orders
2025/11/04 13:59:15 GET /orders
2025/11/04 13:59:20 OPTIONS /orders
2025/11/04 13:59:20 POST /orders
2025/11/04 13:59:20 GET /orders
2025/11/04 13:59:27 OPTIONS /orders
2025/11/04 13:59:27 POST /orders
2025/11/04 13:59:27 GET /orders
2025/11/04 14:00:41 GET /orders
2025/11/04 14:00:44 GET /orders
2025/11/04 14:00:44 GET /orders
2025/11/04 14:00:48 GET /orders
2025/11/04 14:00:48 GET /orders
2025/11/04 14:00:50 GET /orders
2025/11/04 14:00:50 GET /orders
2025/11/04 14:00:54 OPTIONS /orders
2025/11/04 14:00:54 POST /orders
2025/11/04 14:00:54 GET /orders
2025/11/04 14:00:57 GET /orders
2025/11/04 14:01:14 GET /orders
2025/11/04 14:01:14 GET /orders
2025/11/04 14:01:16 GET /orders
2025/11/04 14:01:16 GET /orders
2025/11/04 14:01:21 OPTIONS /orders
2025/11/04 14:01:21 POST /orders
2025/11/04 14:01:21 GET /orders
2025/11/04 14:02:19 GET /orders
2025/11/04 14:02:19 GET /orders
2025/11/04 14:02:22 GET /orders
2025/11/04 14:02:22 GET /orders
2025/11/04 14:02:23 GET /orders
2025/11/04 14:02:23 GET /orders
2025/11/04 14:02:24 GET /orders
2025/11/04 14:02:24 GET /orders
2025/11/04 14:02:25 GET /orders
2025/11/04 14:02:25 GET /orders
2025/11/04 14:02:31 GET /orders
2025/11/04 14:02:31 GET /orders
2025/11/04 14:02:44 GET /orders
2025/11/04 14:02:45 GET /orders
2025/11/04 14:02:45 GET /orders
2025/11/04 14:02:51 GET /orders
2025/11/04 14:03:06 GET /orders
2025/11/04 14:03:08 GET /orders
2025/11/04 14:03:08 GET /orders
2025/11/04 14:03:10 GET /orders
2025/11/04 14:03:59 GET /orders
2025/11/04 14:03:59 GET /orders
2025/11/04 14:04:27 GET /orders
2025/11/04 14:04:27 GET /orders
2025/11/04 14:05:16 GET /orders
2025/11/04 14:05:16 GET /orders
2025/11/04 14:05:17 GET /orders
2025/11/04 14:05:17 GET /orders
2025/11/04 14:05:38 GET /orders
2025/11/04 14:05:38 GET /orders
2025/11/04 14:05:40 GET /orders
2025/11/04 14:05:40 GET /orders
exit status 1
